2025-06-22 22:29:23 [INFO] Model loaded successfully.
2025-06-22 22:29:23 [INFO] Starting trading session...
2025-06-22 22:29:23 [INFO] Dry trading mode enabled.
2025-06-22 22:29:24 [ERROR] Error in main trading loop: The feature names should match those that were passed during fit.
Feature names seen at fit time, yet now missing:
- close
- high
- low
- open
- price_volume_corr
- ...

2025-06-22 22:29:24 [INFO] Trading session ended.
2025-06-22 22:31:32 [INFO] Model loaded successfully.
2025-06-22 22:31:32 [INFO] Starting trading session...
2025-06-22 22:31:32 [INFO] Dry trading mode enabled.
2025-06-22 22:31:32 [INFO] Dry trading budget: $1000.00
2025-06-22 22:31:32 [INFO] Executing a single trade...
2025-06-22 22:31:32 [INFO] Starting single trade execution...
2025-06-22 22:31:32 [INFO] Current balance: $1000.00
2025-06-22 22:31:33 [INFO] Calculating RSI and MACD...
2025-06-22 22:31:33 [INFO] Running model predictions...
2025-06-22 22:31:33 [ERROR] Error in main trading loop: The feature names should match those that were passed during fit.
Feature names seen at fit time, yet now missing:
- close
- high
- low
- open
- price_volume_corr
- ...

2025-06-22 22:31:33 [INFO] Trading session ended.
2025-06-22 22:34:12 [INFO] Model loaded successfully.
2025-06-22 22:34:12 [INFO] Model expects the following features: ['open' 'high' 'low' 'close' 'volume' 'rsi' 'macd' 'volume_change'
 'volume_zscore' 'price_volume_corr' 'symbol_id']
2025-06-22 22:34:12 [INFO] Starting trading session...
2025-06-22 22:34:12 [INFO] Dry trading mode enabled.
2025-06-22 22:34:12 [INFO] Dry trading budget: $1000.00
2025-06-22 22:34:12 [INFO] Executing a single trade...
2025-06-22 22:34:12 [INFO] Starting single trade execution...
2025-06-22 22:34:12 [INFO] Current balance: $1000.00
2025-06-22 22:34:12 [INFO] Calculating RSI and MACD...
2025-06-22 22:34:12 [INFO] Running model predictions...
2025-06-22 22:34:12 [ERROR] Missing features in DataFrame: ['volume_change', 'volume_zscore', 'symbol_id']
2025-06-22 22:34:12 [WARNING] No trades meet the confidence threshold.
2025-06-22 22:34:12 [ERROR] Trade failed: No trades meet the confidence threshold.
2025-06-22 22:34:12 [INFO] Trading session ended.
2025-06-22 22:35:44 [INFO] Model loaded successfully.
2025-06-22 22:35:44 [INFO] Model expects the following features: ['open' 'high' 'low' 'close' 'volume' 'rsi' 'macd' 'volume_change'
 'volume_zscore' 'price_volume_corr' 'symbol_id']
2025-06-22 22:35:44 [INFO] Starting trading session...
2025-06-22 22:35:44 [INFO] Dry trading mode enabled.
2025-06-22 22:35:44 [INFO] Dry trading budget: $1000.00
2025-06-22 22:35:44 [INFO] Executing a single trade...
2025-06-22 22:35:44 [INFO] Starting single trade execution...
2025-06-22 22:35:44 [INFO] Current balance: $1000.00
2025-06-22 22:35:45 [INFO] Calculating RSI and MACD...
2025-06-22 22:35:45 [INFO] Running model predictions...
2025-06-22 22:35:45 [WARNING] No trades meet the confidence threshold.
2025-06-22 22:35:45 [ERROR] Trade failed: No trades meet the confidence threshold.
2025-06-22 22:35:45 [INFO] Trading session ended.
2025-06-22 22:36:57 [INFO] Model loaded successfully.
2025-06-22 22:36:57 [INFO] Model expects the following features: ['open' 'high' 'low' 'close' 'volume' 'rsi' 'macd' 'volume_change'
 'volume_zscore' 'price_volume_corr' 'symbol_id']
2025-06-22 22:36:57 [INFO] Starting trading session...
2025-06-22 22:36:57 [INFO] Dry trading mode enabled.
2025-06-22 22:36:57 [INFO] Dry trading budget: $1000.00
2025-06-22 22:36:57 [INFO] Executing a single trade...
2025-06-22 22:36:57 [INFO] Starting single trade execution...
2025-06-22 22:36:57 [INFO] Current balance: $1000.00
2025-06-22 22:37:14 [INFO] Calculating RSI and MACD...
2025-06-22 22:37:14 [INFO] Running model predictions...
2025-06-22 22:37:14 [ERROR] Error in main trading loop: Input X contains infinity or a value too large for dtype('float32').
2025-06-22 22:37:14 [INFO] Trading session ended.
2025-06-25 18:08:57 [ERROR] Error loading model: No module named 'numpy._core'
2025-06-25 18:08:57 [ERROR] Failed to load the model. Exiting.
2025-06-25 18:09:55 [ERROR] Error loading model: No module named 'numpy._core'
2025-06-25 18:09:55 [ERROR] Failed to load the model. Exiting.
2025-06-25 18:11:37 [ERROR] Error loading model: No module named 'numpy._core'
2025-06-25 18:11:37 [ERROR] Failed to load the model. Exiting.
2025-06-25 18:12:41 [ERROR] Error loading model: No module named 'numpy._core'
2025-06-25 18:12:41 [ERROR] Failed to load the model. Exiting.
2025-06-25 18:16:36 [ERROR] Error loading model: No module named 'numpy._core'
2025-06-25 18:16:36 [ERROR] Failed to load the model. Exiting.
2025-06-25 18:16:45 [ERROR] Error loading model: No module named 'numpy._core'
2025-06-25 18:16:45 [ERROR] Failed to load the model. Exiting.
2025-06-25 18:17:49 [ERROR] Error loading model: No module named 'numpy._core'
2025-06-25 18:17:49 [ERROR] Failed to load the model. Exiting.
2025-06-25 18:18:36 [INFO] \u2705 Loaded expected features from Z:\money_printer\data\models\random_forest\expected_features.json: ['symbol_id', 'open', 'high', 'low', 'close', 'volume', 'rsi', 'stoch_rsi_k', 'stoch_rsi_d', 'roc', 'ema_9', 'ema_21', 'ema_50', 'macd', 'parabolic_sar', 'upper_band', 'middle_band', 'lower_band', 'atr', 'volatility', 'obv', 'volume_change', 'hour', 'dayofweek', 'is_weekend', 'return', 'log_return', 'return_lag1', 'return_lag2', 'return_lag3', 'rsi_rolling_mean', 'close_rolling_std', 'future_return']
2025-06-25 18:19:13 [INFO] \u2705 Loaded expected features from Z:\money_printer\data\models\random_forest\expected_features.json: ['symbol_id', 'open', 'high', 'low', 'close', 'volume', 'rsi', 'stoch_rsi_k', 'stoch_rsi_d', 'roc', 'ema_9', 'ema_21', 'ema_50', 'macd', 'parabolic_sar', 'upper_band', 'middle_band', 'lower_band', 'atr', 'volatility', 'obv', 'volume_change', 'hour', 'dayofweek', 'is_weekend', 'return', 'log_return', 'return_lag1', 'return_lag2', 'return_lag3', 'rsi_rolling_mean', 'close_rolling_std', 'future_return']
2025-06-25 18:19:13 [INFO] Starting trading session...
2025-06-25 18:19:14 [INFO] \u2705 Discord notification sent successfully for TRADERS
2025-06-25 18:19:14 [INFO] Dry trading mode enabled.
2025-06-25 18:19:14 [INFO] Dry trading budget: $1000.00
2025-06-25 18:19:14 [INFO] Executing a single trade...
2025-06-25 18:19:14 [INFO] Starting single trade execution...
2025-06-25 18:19:14 [INFO] Current balance: $1000.00
2025-06-25 18:19:32 [INFO] Calculating RSI and MACD...
2025-06-25 18:19:32 [INFO] Running model predictions...
2025-06-25 18:19:32 [ERROR] \U0001f6ab Missing features in DataFrame: ['stoch_rsi_k', 'stoch_rsi_d', 'roc', 'ema_9', 'ema_21', 'ema_50', 'parabolic_sar', 'upper_band', 'middle_band', 'lower_band', 'atr', 'volatility', 'obv', 'hour', 'dayofweek', 'is_weekend', 'return', 'log_return', 'return_lag1', 'return_lag2', 'return_lag3', 'rsi_rolling_mean', 'close_rolling_std', 'future_return']. Cannot proceed with predictions.
2025-06-25 18:19:32 [ERROR] Error in main trading loop: argument of type 'NoneType' is not iterable
2025-06-25 18:19:32 [INFO] Trading session ended.
2025-06-25 18:20:53 [INFO] \u2705 Loaded expected features from Z:\money_printer\data\models\random_forest\expected_features.json: ['symbol_id', 'open', 'high', 'low', 'close', 'volume', 'rsi', 'stoch_rsi_k', 'stoch_rsi_d', 'roc', 'ema_9', 'ema_21', 'ema_50', 'macd', 'parabolic_sar', 'upper_band', 'middle_band', 'lower_band', 'atr', 'volatility', 'obv', 'volume_change', 'hour', 'dayofweek', 'is_weekend', 'return', 'log_return', 'return_lag1', 'return_lag2', 'return_lag3', 'rsi_rolling_mean', 'close_rolling_std', 'future_return']
2025-06-25 18:20:53 [INFO] Starting trading session...
2025-06-25 18:20:53 [INFO] \u2705 Discord notification sent successfully for TRADERS
2025-06-25 18:20:53 [INFO] Dry trading mode enabled.
2025-06-25 18:20:53 [INFO] Dry trading budget: $1000.00
2025-06-25 18:20:53 [INFO] Executing a single trade...
2025-06-25 18:20:53 [INFO] Starting single trade execution...
2025-06-25 18:20:53 [INFO] Current balance: $1000.00
2025-06-25 18:21:10 [INFO] Calculating RSI and MACD...
2025-06-25 18:21:10 [INFO] Running model predictions...
2025-06-25 18:21:10 [ERROR] \U0001f6ab Missing features in DataFrame: ['stoch_rsi_k', 'stoch_rsi_d', 'roc', 'ema_9', 'ema_21', 'ema_50', 'parabolic_sar', 'upper_band', 'middle_band', 'lower_band', 'atr', 'volatility', 'obv', 'hour', 'dayofweek', 'is_weekend', 'return', 'log_return', 'return_lag1', 'return_lag2', 'return_lag3', 'rsi_rolling_mean', 'close_rolling_std', 'future_return']. Cannot proceed with predictions.
2025-06-25 18:21:10 [ERROR] Trade failed: Missing features: ['stoch_rsi_k', 'stoch_rsi_d', 'roc', 'ema_9', 'ema_21', 'ema_50', 'parabolic_sar', 'upper_band', 'middle_band', 'lower_band', 'atr', 'volatility', 'obv', 'hour', 'dayofweek', 'is_weekend', 'return', 'log_return', 'return_lag1', 'return_lag2', 'return_lag3', 'rsi_rolling_mean', 'close_rolling_std', 'future_return']
2025-06-25 18:21:11 [INFO] \u2705 Discord notification sent successfully for TRADERS
2025-06-25 18:21:11 [INFO] Trading session ended.
2025-06-25 18:21:49 [INFO] \u2705 Loaded expected features from Z:\money_printer\data\models\random_forest\expected_features.json: ['symbol_id', 'open', 'high', 'low', 'close', 'volume', 'rsi', 'macd', 'macd_signal', 'macd_hist', 'price_volume_corr', 'open_close_diff', 'volume_change', 'volume_zscore']
2025-06-25 18:21:49 [INFO] Starting trading session...
2025-06-25 18:21:49 [INFO] \u2705 Discord notification sent successfully for TRADERS
2025-06-25 18:21:49 [INFO] Dry trading mode enabled.
2025-06-25 18:21:49 [INFO] Dry trading budget: $1000.00
2025-06-25 18:21:49 [INFO] Executing a single trade...
2025-06-25 18:21:49 [INFO] Starting single trade execution...
2025-06-25 18:21:49 [INFO] Current balance: $1000.00
2025-06-25 18:22:07 [INFO] Calculating RSI and MACD...
2025-06-25 18:22:07 [INFO] Running model predictions...
2025-06-25 18:22:07 [ERROR] Error loading model: No module named 'numpy._core'
2025-06-25 18:22:07 [ERROR] Failed to load the model: No module named 'numpy._core'
2025-06-25 18:22:07 [ERROR] Error in main trading loop: No module named 'numpy._core'
2025-06-25 18:22:07 [INFO] Trading session ended.
2025-06-25 18:23:25 [INFO] \u2705 Loaded expected features from Z:\money_printer\data\models\random_forest\expected_features.json: ['symbol_id', 'open', 'high', 'low', 'close', 'volume', 'rsi', 'macd', 'macd_signal', 'macd_hist', 'price_volume_corr', 'open_close_diff', 'volume_change', 'volume_zscore']
2025-06-25 18:23:25 [INFO] Starting trading session...
2025-06-25 18:23:25 [INFO] \u2705 Discord notification sent successfully for TRADERS
2025-06-25 18:23:25 [INFO] Dry trading mode enabled.
2025-06-25 18:23:25 [INFO] Dry trading budget: $1000.00
2025-06-25 18:23:25 [INFO] Executing a single trade...
2025-06-25 18:23:25 [INFO] Starting single trade execution...
2025-06-25 18:23:25 [INFO] Current balance: $1000.00
2025-06-25 18:23:43 [INFO] Calculating RSI and MACD...
2025-06-25 18:23:43 [INFO] Running model predictions...
2025-06-25 18:23:43 [ERROR] Error loading model: No module named 'numpy._core'
2025-06-25 18:23:43 [ERROR] Failed to load the model: No module named 'numpy._core'
2025-06-25 18:23:43 [ERROR] Error during model prediction: No module named 'numpy._core'
2025-06-25 18:23:43 [ERROR] Trade failed: Model prediction failed: No module named 'numpy._core'
2025-06-25 18:23:44 [INFO] \u2705 Discord notification sent successfully for TRADERS
2025-06-25 18:23:44 [INFO] Trading session ended.
2025-06-25 18:23:54 [INFO] \u2705 Loaded expected features from Z:\money_printer\data\models\random_forest\expected_features.json: ['symbol_id', 'open', 'high', 'low', 'close', 'volume', 'rsi', 'macd', 'macd_signal', 'macd_hist', 'price_volume_corr', 'open_close_diff', 'volume_change', 'volume_zscore']
2025-06-25 18:23:54 [ERROR] Error loading model: No module named 'numpy._core'
2025-06-25 18:23:54 [ERROR] Failed to load the model: No module named 'numpy._core'
2025-06-25 18:24:27 [INFO] \u2705 Loaded expected features from Z:\money_printer\data\models\random_forest\expected_features.json: ['symbol_id', 'open', 'high', 'low', 'close', 'volume', 'rsi', 'macd', 'macd_signal', 'macd_hist', 'price_volume_corr', 'open_close_diff', 'volume_change', 'volume_zscore']
2025-06-25 18:24:28 [ERROR] Error loading model: No module named 'numpy._core'
2025-06-25 18:24:28 [ERROR] Failed to load the model: No module named 'numpy._core'
2025-06-25 18:25:13 [INFO] \u2705 Loaded expected features from Z:\money_printer\data\models\random_forest\expected_features.json: ['symbol_id', 'open', 'high', 'low', 'close', 'volume', 'rsi', 'macd', 'macd_signal', 'macd_hist', 'price_volume_corr', 'open_close_diff', 'volume_change', 'volume_zscore']
2025-06-25 18:25:13 [INFO] Starting trading session...
2025-06-25 18:25:14 [INFO] \u2705 Discord notification sent successfully for TRADERS
2025-06-25 18:25:14 [INFO] Dry trading mode enabled.
2025-06-25 18:25:14 [INFO] Dry trading budget: $1000.00
2025-06-25 18:25:14 [INFO] Executing a single trade...
2025-06-25 18:25:14 [INFO] Starting single trade execution...
2025-06-25 18:25:14 [INFO] Current balance: $1000.00
2025-06-25 18:25:31 [INFO] Calculating RSI and MACD...
2025-06-25 18:25:31 [INFO] Running model predictions...
2025-06-25 18:25:31 [INFO] Creating mock predictions for testing...
2025-06-25 18:25:31 [INFO] Mock predictions created successfully
2025-06-25 18:25:31 [INFO] Top coin to buy: YFIUSDT with predicted profit: 2988951.7861
2025-06-25 18:25:31 [INFO] Trade fraction calculated: 0.0100 (Trade Amount: $10.00)
2025-06-25 18:25:31 [INFO] Checking minimum trade quantity for YFIUSDT...
2025-06-25 18:25:31 [INFO] Minimum trade quantity for YFIUSDT: 1e-05
2025-06-25 18:25:31 [INFO] Placing BUY order for YFIUSDT...
2025-06-25 18:25:31 [INFO] [DRY RUN] BUY order simulated for YFIUSDT qty 0.0021217907914279654 @ 4713.0
2025-06-25 18:25:31 [INFO] Scheduling exit orders...
2025-06-25 18:25:31 [INFO] Scheduled exit orders for YFIUSDT: [{'qty': 0.0021217907914279654, 'price': 4938.752700000001, 'type': 'TAKE_PROFIT'}, {'qty': 0.0021217907914279654, 'price': 4656.53826, 'type': 'STOP_LOSS'}]
2025-06-25 18:25:31 [INFO] Placing SELL order: {'qty': 0.0021217907914279654, 'price': 4938.752700000001, 'type': 'TAKE_PROFIT'}
2025-06-25 18:25:31 [INFO] [DRY RUN] SELL order simulated for YFIUSDT qty 0.0021217907914279654 @ 4938.752700000001
2025-06-25 18:25:31 [INFO] Placing SELL order: {'qty': 0.0021217907914279654, 'price': 4656.53826, 'type': 'STOP_LOSS'}
2025-06-25 18:25:31 [INFO] [DRY RUN] SELL order simulated for YFIUSDT qty 0.0021217907914279654 @ 4656.53826
2025-06-25 18:25:31 [INFO] Trade completed: {'timestamp': '2025-06-25T10:25:31.669998', 'coin': 'YFIUSDT', 'qty': 0.0021217907914279654, 'buy_price': 4713.0, 'sell_orders': [{'qty': 0.0021217907914279654, 'price': 4938.752700000001, 'type': 'TAKE_PROFIT'}, {'qty': 0.0021217907914279654, 'price': 4656.53826, 'type': 'STOP_LOSS'}], 'total_out': 20.359200000000005, 'pnl_amount': 10.357200000000004, 'pnl_percent': 103.57200000000005}
2025-06-25 18:25:31 [INFO] Trade completed successfully: {'timestamp': '2025-06-25T10:25:31.669998', 'coin': 'YFIUSDT', 'qty': 0.0021217907914279654, 'buy_price': 4713.0, 'sell_orders': [{'qty': 0.0021217907914279654, 'price': 4938.752700000001, 'type': 'TAKE_PROFIT'}, {'qty': 0.0021217907914279654, 'price': 4656.53826, 'type': 'STOP_LOSS'}], 'total_out': 20.359200000000005, 'pnl_amount': 10.357200000000004, 'pnl_percent': 103.57200000000005}
2025-06-25 18:25:32 [INFO] \u2705 Discord notification sent successfully for TRADERS
2025-06-25 18:25:32 [INFO] Trading session ended.
2025-06-25 18:40:45 [INFO] \u2705 Loaded expected features from Z:\money_printer\data\models\random_forest\expected_features.json: ['symbol_id', 'open', 'high', 'low', 'close', 'volume', 'rsi', 'macd', 'macd_signal', 'macd_hist', 'price_volume_corr', 'open_close_diff', 'volume_change', 'volume_zscore']
2025-06-25 18:40:45 [INFO] Starting trading session...
2025-06-25 18:40:45 [INFO] \u2705 Discord notification sent successfully for TRADERS
2025-06-25 18:40:45 [INFO] Starting single trade execution...
2025-06-25 18:40:45 [INFO] Current balance: $50.00
2025-06-25 18:41:03 [INFO] Running model predictions...
2025-06-25 18:41:03 [INFO] Creating realistic mock predictions...
2025-06-25 18:41:03 [INFO] Realistic mock predictions created successfully
2025-06-25 18:41:03 [INFO] Top coin to buy: SUSDT with predicted profit: 0.0800
2025-06-25 18:41:03 [INFO] Trade fraction calculated: 0.1000 (Trade Amount: $5.00)
2025-06-25 18:41:03 [INFO] Minimum trade quantity for SUSDT: 0.1
2025-06-25 18:41:03 [INFO] [DRY RUN] BUY order simulated for SUSDT qty 15.586034912718207 @ 0.3208
2025-06-25 18:41:03 [INFO] Scheduled exit orders for SUSDT: [{'qty': 15.586034912718207, 'price': 0.33616631999999996, 'type': 'TAKE_PROFIT'}, {'qty': 15.586034912718207, 'price': 0.316956816, 'type': 'STOP_LOSS'}]
2025-06-25 18:41:03 [INFO] Placing SELL order: {'qty': 15.586034912718207, 'price': 0.33616631999999996, 'type': 'TAKE_PROFIT'}
2025-06-25 18:41:03 [INFO] [DRY RUN] SELL order simulated for SUSDT qty 15.586034912718207 @ 0.33616631999999996
2025-06-25 18:41:03 [INFO] Placing SELL order: {'qty': 15.586034912718207, 'price': 0.316956816, 'type': 'STOP_LOSS'}
2025-06-25 18:41:03 [INFO] [DRY RUN] SELL order simulated for SUSDT qty 15.586034912718207 @ 0.316956816
2025-06-25 18:41:03 [INFO] Created new CSV file for transactions: Z:\money_printer\src\trading_bot\trading_transactions.csv
2025-06-25 18:41:03 [INFO] Transaction saved to CSV: SUSDT
2025-06-25 18:41:03 [INFO] Trade completed: {'timestamp': '2025-06-25T10:41:03.563592', 'coin': 'SUSDT', 'qty': 15.586034912718207, 'buy_price': 0.3208, 'sell_orders': [{'qty': 15.586034912718207, 'price': 0.33616631999999996, 'type': 'TAKE_PROFIT'}, {'qty': 15.586034912718207, 'price': 0.316956816, 'type': 'STOP_LOSS'}], 'total_out': 10.1796, 'pnl_amount': 5.177600000000001, 'pnl_percent': 103.55200000000002, 'predicted_profit_pct': 8.0, 'confidence': 80.0, 'action': 'BUY', 'total_value': 5.0, 'fee': 0.01, 'net_value': 4.99}
2025-06-25 18:41:03 [INFO] Trade completed successfully: {'timestamp': '2025-06-25T10:41:03.563592', 'coin': 'SUSDT', 'qty': 15.586034912718207, 'buy_price': 0.3208, 'sell_orders': [{'qty': 15.586034912718207, 'price': 0.33616631999999996, 'type': 'TAKE_PROFIT'}, {'qty': 15.586034912718207, 'price': 0.316956816, 'type': 'STOP_LOSS'}], 'total_out': 10.1796, 'pnl_amount': 5.177600000000001, 'pnl_percent': 103.55200000000002, 'predicted_profit_pct': 8.0, 'confidence': 80.0, 'action': 'BUY', 'total_value': 5.0, 'fee': 0.01, 'net_value': 4.99}
2025-06-25 18:41:04 [INFO] \u2705 Discord notification sent successfully for TRADERS
2025-06-25 18:41:04 [INFO] Trading session ended.
2025-06-25 18:42:17 [INFO] Starting trading session...
2025-06-25 18:42:17 [INFO] \u2705 Discord notification sent successfully for TRADERS
2025-06-25 18:42:17 [INFO] Starting single trade execution...
2025-06-25 18:42:17 [INFO] Current balance: $10.00
2025-06-25 18:42:34 [INFO] Running model predictions...
2025-06-25 18:42:34 [INFO] Creating realistic mock predictions...
2025-06-25 18:42:34 [INFO] Realistic mock predictions created successfully
2025-06-25 18:42:34 [INFO] Top coin to buy: ENSUSDT with predicted profit: 0.0800
2025-06-25 18:42:34 [INFO] Trade fraction calculated: 0.1000 (Trade Amount: $1.00)
2025-06-25 18:42:34 [INFO] Minimum trade quantity for ENSUSDT: 0.01
2025-06-25 18:42:34 [INFO] [DRY RUN] BUY order simulated for ENSUSDT qty 0.05299417064122946 @ 18.87
2025-06-25 18:42:34 [INFO] Scheduled exit orders for ENSUSDT: [{'qty': 0.05299417064122946, 'price': 19.773873000000002, 'type': 'TAKE_PROFIT'}, {'qty': 0.05299417064122946, 'price': 18.6439374, 'type': 'STOP_LOSS'}]
2025-06-25 18:42:34 [INFO] Placing SELL order: {'qty': 0.05299417064122946, 'price': 19.773873000000002, 'type': 'TAKE_PROFIT'}
2025-06-25 18:42:34 [INFO] [DRY RUN] SELL order simulated for ENSUSDT qty 0.05299417064122946 @ 19.773873000000002
2025-06-25 18:42:34 [INFO] Placing SELL order: {'qty': 0.05299417064122946, 'price': 18.6439374, 'type': 'STOP_LOSS'}
2025-06-25 18:42:34 [INFO] [DRY RUN] SELL order simulated for ENSUSDT qty 0.05299417064122946 @ 18.6439374
2025-06-25 18:42:34 [INFO] Transaction saved to CSV: ENSUSDT
2025-06-25 18:42:34 [INFO] Trade completed: {'timestamp': '2025-06-25T10:42:34.847280', 'coin': 'ENSUSDT', 'qty': 0.05299417064122946, 'buy_price': 18.87, 'sell_orders': [{'qty': 0.05299417064122946, 'price': 19.773873000000002, 'type': 'TAKE_PROFIT'}, {'qty': 0.05299417064122946, 'price': 18.6439374, 'type': 'STOP_LOSS'}], 'total_out': 2.03592, 'pnl_amount': 1.03392, 'pnl_percent': 103.392, 'predicted_profit_pct': 8.0, 'confidence': 76.67821840024357, 'action': 'BUY', 'total_value': 1.0, 'fee': 0.002, 'net_value': 0.998}
2025-06-25 18:42:34 [INFO] Trade completed successfully: {'timestamp': '2025-06-25T10:42:34.847280', 'coin': 'ENSUSDT', 'qty': 0.05299417064122946, 'buy_price': 18.87, 'sell_orders': [{'qty': 0.05299417064122946, 'price': 19.773873000000002, 'type': 'TAKE_PROFIT'}, {'qty': 0.05299417064122946, 'price': 18.6439374, 'type': 'STOP_LOSS'}], 'total_out': 2.03592, 'pnl_amount': 1.03392, 'pnl_percent': 103.392, 'predicted_profit_pct': 8.0, 'confidence': 76.67821840024357, 'action': 'BUY', 'total_value': 1.0, 'fee': 0.002, 'net_value': 0.998}
2025-06-25 18:42:35 [INFO] \u2705 Discord notification sent successfully for TRADERS
2025-06-25 18:42:35 [INFO] Trading session ended.
2025-06-25 18:43:47 [INFO] \u2705 Loaded expected features from Z:\money_printer\data\models\random_forest\expected_features.json: ['symbol_id', 'open', 'high', 'low', 'close', 'volume', 'rsi', 'macd', 'macd_signal', 'macd_hist', 'price_volume_corr', 'open_close_diff', 'volume_change', 'volume_zscore']
2025-06-25 18:43:47 [INFO] Starting trading session...
2025-06-25 18:43:48 [INFO] \u2705 Discord notification sent successfully for TRADERS
2025-06-25 18:43:48 [INFO] Starting single trade execution...
2025-06-25 18:43:48 [INFO] Current balance: $500.00
2025-06-25 18:44:05 [INFO] Running model predictions...
2025-06-25 18:44:05 [INFO] Creating realistic mock predictions...
2025-06-25 18:44:05 [INFO] Realistic mock predictions created successfully
2025-06-25 18:44:05 [INFO] Top coin to buy: USDCUSDT with predicted profit: 0.0800
2025-06-25 18:44:05 [INFO] Trade fraction calculated: 0.0500 (Trade Amount: $25.00)
2025-06-25 18:44:06 [INFO] Minimum trade quantity for USDCUSDT: 1.0
2025-06-25 18:44:06 [INFO] [DRY RUN] BUY order simulated for USDCUSDT qty 25.025025025025027 @ 0.999
2025-06-25 18:44:06 [INFO] Scheduled exit orders for USDCUSDT: [{'qty': 25.025025025025027, 'price': 1.0468521, 'type': 'TAKE_PROFIT'}, {'qty': 25.025025025025027, 'price': 0.9870319799999999, 'type': 'STOP_LOSS'}]
2025-06-25 18:44:06 [INFO] Placing SELL order: {'qty': 25.025025025025027, 'price': 1.0468521, 'type': 'TAKE_PROFIT'}
2025-06-25 18:44:06 [INFO] [DRY RUN] SELL order simulated for USDCUSDT qty 25.025025025025027 @ 1.0468521
2025-06-25 18:44:06 [INFO] Placing SELL order: {'qty': 25.025025025025027, 'price': 0.9870319799999999, 'type': 'STOP_LOSS'}
2025-06-25 18:44:06 [INFO] [DRY RUN] SELL order simulated for USDCUSDT qty 25.025025025025027 @ 0.9870319799999999
2025-06-25 18:44:06 [INFO] Transaction saved to CSV: USDCUSDT
2025-06-25 18:44:06 [INFO] Trade completed: {'timestamp': '2025-06-25T10:44:06.043071', 'coin': 'USDCUSDT', 'qty': 25.025025025025027, 'buy_price': 0.999, 'sell_orders': [{'qty': 25.025025025025027, 'price': 1.0468521, 'type': 'TAKE_PROFIT'}, {'qty': 25.025025025025027, 'price': 0.9870319799999999, 'type': 'STOP_LOSS'}], 'total_out': 50.897999999999996, 'pnl_amount': 25.895999999999997, 'pnl_percent': 103.58399999999999, 'predicted_profit_pct': 8.0, 'confidence': 71.97293999624523, 'action': 'BUY', 'total_value': 25.0, 'fee': 0.05, 'net_value': 24.95}
2025-06-25 18:44:06 [INFO] Trade completed successfully: {'timestamp': '2025-06-25T10:44:06.043071', 'coin': 'USDCUSDT', 'qty': 25.025025025025027, 'buy_price': 0.999, 'sell_orders': [{'qty': 25.025025025025027, 'price': 1.0468521, 'type': 'TAKE_PROFIT'}, {'qty': 25.025025025025027, 'price': 0.9870319799999999, 'type': 'STOP_LOSS'}], 'total_out': 50.897999999999996, 'pnl_amount': 25.895999999999997, 'pnl_percent': 103.58399999999999, 'predicted_profit_pct': 8.0, 'confidence': 71.97293999624523, 'action': 'BUY', 'total_value': 25.0, 'fee': 0.05, 'net_value': 24.95}
2025-06-25 18:44:06 [INFO] \u2705 Discord notification sent successfully for TRADERS
2025-06-25 18:44:06 [INFO] Trading session ended.
2025-06-25 19:13:39 [INFO] \u2705 Loaded expected features from Z:\money_printer\data\models\random_forest\expected_features.json: ['symbol_id', 'open', 'high', 'low', 'close', 'volume', 'rsi', 'macd', 'macd_signal', 'macd_hist', 'price_volume_corr', 'open_close_diff', 'volume_change', 'volume_zscore']
2025-06-25 19:15:51 [WARNING] No training data found at Z:\money_printer\data\transactions\random_forest_v1_trades.csv
2025-06-25 19:18:03 [INFO] \u2705 Loaded expected features from Z:\money_printer\data\models\random_forest\expected_features.json: ['symbol_id', 'open', 'high', 'low', 'close', 'volume', 'rsi', 'macd', 'macd_signal', 'macd_hist', 'price_volume_corr', 'open_close_diff', 'volume_change', 'volume_zscore']
2025-06-25 19:18:03 [INFO] Starting single trade execution...
2025-06-25 19:18:03 [INFO] Current balance: $500.00
2025-06-25 19:18:21 [INFO] Running model predictions...
2025-06-25 19:18:21 [INFO] Creating realistic mock predictions...
2025-06-25 19:18:21 [INFO] Realistic mock predictions created successfully
2025-06-25 19:18:21 [INFO] Top coin to buy: SKLUSDT with predicted profit: 0.0800
2025-06-25 19:18:21 [INFO] Trade fraction calculated: 0.0500 (Trade Amount: $25.00)
2025-06-25 19:18:21 [INFO] Minimum trade quantity for SKLUSDT: 1.0
2025-06-25 19:18:21 [INFO] [DRY RUN] BUY order simulated for SKLUSDT qty 1314.4058885383809 @ 0.01902
2025-06-25 19:18:21 [INFO] Scheduled exit orders for SKLUSDT: [{'qty': 1314.4058885383809, 'price': 0.019931057999999998, 'type': 'TAKE_PROFIT'}, {'qty': 1314.4058885383809, 'price': 0.018792140399999997, 'type': 'STOP_LOSS'}]
2025-06-25 19:18:22 [INFO] Created new training CSV: Z:\money_printer\data\transactions\random_forest_v1_trades.csv
2025-06-25 19:18:22 [INFO] Training data saved: SKLUSDT -> Z:\money_printer\data\transactions\random_forest_v1_trades.csv
2025-06-25 19:18:22 [INFO] Transaction saved to CSV: SKLUSDT
2025-06-25 19:18:22 [INFO] Trade completed: {'coin': 'SKLUSDT', 'qty': 1314.4058885383809, 'buy_price': 0.01902, 'take_profit_price': 0.019931057999999998, 'stop_loss_price': 0.018792140399999997, 'timestamp': '2025-06-25T11:18:21.952810', 'confidence': 0.8, 'predicted_profit_pct': 8.0, 'rsi_at_buy': 10.841069957788203, 'macd_at_buy': -0.008375703827451883, 'volume_change_at_buy': 0.21142014783221375, 'total_value': 25.0, 'fee': 0.05, 'net_value': 24.95, 'final_sell_price': 0.018792140399999997, 'trade_duration_secs': 0.073775, 'pnl_amount': -0.3492005000000019, 'pnl_percent': -1.3968020000000074, 'was_successful': False, 'end_timestamp': '2025-06-25T11:18:22.027128', 'trade_duration_formatted': '0.0h', 'action': 'BUY', 'sell_orders': [{'qty': 1314.4058885383809, 'price': 0.019931057999999998, 'type': 'TAKE_PROFIT'}, {'qty': 1314.4058885383809, 'price': 0.018792140399999997, 'type': 'STOP_LOSS'}]}
2025-06-25 19:18:22 [INFO] Loaded 1 total trades for analysis
2025-06-25 19:18:22 [INFO] Loaded 1 total trades for analysis
2025-06-25 19:20:14 [INFO] \u2705 Loaded expected features from Z:\money_printer\data\models\random_forest\expected_features.json: ['symbol_id', 'open', 'high', 'low', 'close', 'volume', 'rsi', 'macd', 'macd_signal', 'macd_hist', 'price_volume_corr', 'open_close_diff', 'volume_change', 'volume_zscore']
2025-06-25 19:24:30 [INFO] Starting trading session...
2025-06-25 19:24:41 [INFO] \u2705 Discord notification sent successfully for TRADERS
2025-06-25 19:24:41 [INFO] Starting single trade execution...
2025-06-25 19:24:41 [INFO] Current balance: $10.00
2025-06-25 19:24:58 [INFO] Running model predictions...
2025-06-25 19:24:58 [INFO] Creating realistic mock predictions...
2025-06-25 19:24:58 [INFO] Realistic mock predictions created successfully
2025-06-25 19:24:58 [INFO] Top coin to buy: GALAUSDT with predicted profit: 0.0800
2025-06-25 19:24:58 [INFO] Trade fraction calculated: 0.1000 (Trade Amount: $1.00)
2025-06-25 19:24:59 [INFO] Minimum trade quantity for GALAUSDT: 1.0
2025-06-25 19:24:59 [INFO] [DRY RUN] BUY order simulated for GALAUSDT qty 69.34812760055478 @ 0.01442
2025-06-25 19:24:59 [INFO] Scheduled exit orders for GALAUSDT: [{'qty': 69.34812760055478, 'price': 0.015110718000000002, 'type': 'TAKE_PROFIT'}, {'qty': 69.34812760055478, 'price': 0.0142472484, 'type': 'STOP_LOSS'}]
2025-06-25 19:24:59 [INFO] Training data saved: GALAUSDT -> Z:\money_printer\data\transactions\random_forest_v1_trades.csv
2025-06-25 19:24:59 [INFO] Transaction saved to CSV: GALAUSDT
2025-06-25 19:24:59 [INFO] Trade completed: {'coin': 'GALAUSDT', 'qty': 69.34812760055478, 'buy_price': 0.01442, 'take_profit_price': 0.015110718000000002, 'stop_loss_price': 0.0142472484, 'timestamp': '2025-06-25T11:24:59.030309', 'confidence': 0.7510838461363455, 'predicted_profit_pct': 8.0, 'rsi_at_buy': 7.364933906955143, 'macd_at_buy': -0.0199325973731665, 'volume_change_at_buy': 0.0483021089069704, 'total_value': 1.0, 'fee': 0.002, 'net_value': 0.998, 'final_sell_price': 0.0142472484, 'trade_duration_secs': 0.074367, 'pnl_amount': -0.01396801999999999, 'pnl_percent': -1.3968019999999992, 'was_successful': False, 'end_timestamp': '2025-06-25T11:24:59.105683', 'trade_duration_formatted': '0.0h', 'action': 'BUY', 'sell_orders': [{'qty': 69.34812760055478, 'price': 0.015110718000000002, 'type': 'TAKE_PROFIT'}, {'qty': 69.34812760055478, 'price': 0.0142472484, 'type': 'STOP_LOSS'}]}
2025-06-25 19:24:59 [INFO] Trade completed successfully: {'coin': 'GALAUSDT', 'qty': 69.34812760055478, 'buy_price': 0.01442, 'take_profit_price': 0.015110718000000002, 'stop_loss_price': 0.0142472484, 'timestamp': '2025-06-25T11:24:59.030309', 'confidence': 0.7510838461363455, 'predicted_profit_pct': 8.0, 'rsi_at_buy': 7.364933906955143, 'macd_at_buy': -0.0199325973731665, 'volume_change_at_buy': 0.0483021089069704, 'total_value': 1.0, 'fee': 0.002, 'net_value': 0.998, 'final_sell_price': 0.0142472484, 'trade_duration_secs': 0.074367, 'pnl_amount': -0.01396801999999999, 'pnl_percent': -1.3968019999999992, 'was_successful': False, 'end_timestamp': '2025-06-25T11:24:59.105683', 'trade_duration_formatted': '0.0h', 'action': 'BUY', 'sell_orders': [{'qty': 69.34812760055478, 'price': 0.015110718000000002, 'type': 'TAKE_PROFIT'}, {'qty': 69.34812760055478, 'price': 0.0142472484, 'type': 'STOP_LOSS'}]}
2025-06-25 19:24:59 [INFO] \u2705 Discord notification sent successfully for TRADERS
2025-06-25 19:24:59 [INFO] Trading session ended.
2025-06-25 19:25:43 [INFO] Loaded 2 total trades for analysis
2025-06-25 19:25:57 [INFO] \u2705 Loaded expected features from Z:\money_printer\data\models\random_forest\expected_features.json: ['symbol_id', 'open', 'high', 'low', 'close', 'volume', 'rsi', 'macd', 'macd_signal', 'macd_hist', 'price_volume_corr', 'open_close_diff', 'volume_change', 'volume_zscore']
2025-06-25 19:25:57 [INFO] Loaded 2 total trades for analysis
2025-06-25 19:25:57 [INFO] Loaded 2 total trades for analysis
2025-06-25 19:26:06 [INFO] \u2705 Loaded expected features from Z:\money_printer\data\models\random_forest\expected_features.json: ['symbol_id', 'open', 'high', 'low', 'close', 'volume', 'rsi', 'macd', 'macd_signal', 'macd_hist', 'price_volume_corr', 'open_close_diff', 'volume_change', 'volume_zscore']
2025-06-25 19:26:06 [INFO] Starting single trade execution...
2025-06-25 19:26:06 [INFO] Current balance: $500.00
2025-06-25 19:26:23 [INFO] Running model predictions...
2025-06-25 19:26:23 [INFO] Creating realistic mock predictions...
2025-06-25 19:26:24 [INFO] Realistic mock predictions created successfully
2025-06-25 19:26:24 [INFO] Top coin to buy: DATAUSDT with predicted profit: 0.0800
2025-06-25 19:26:24 [INFO] Trade fraction calculated: 0.0500 (Trade Amount: $25.00)
2025-06-25 19:26:24 [INFO] Minimum trade quantity for DATAUSDT: 0.1
2025-06-25 19:26:24 [INFO] [DRY RUN] BUY order simulated for DATAUSDT qty 1631.8537859007834 @ 0.01532
2025-06-25 19:26:24 [INFO] Scheduled exit orders for DATAUSDT: [{'qty': 1631.8537859007834, 'price': 0.016053828, 'type': 'TAKE_PROFIT'}, {'qty': 1631.8537859007834, 'price': 0.0151364664, 'type': 'STOP_LOSS'}]
2025-06-25 19:31:15 [INFO] Training data saved: DATAUSDT -> Z:\money_printer\data\transactions\random_forest_v1_trades.csv
2025-06-25 19:31:15 [INFO] Transaction saved to CSV: DATAUSDT
2025-06-25 19:31:15 [INFO] Trade completed: {'coin': 'DATAUSDT', 'qty': 1631.8537859007834, 'buy_price': 0.01532, 'take_profit_price': 0.016053828, 'stop_loss_price': 0.0151364664, 'timestamp': '2025-06-25T11:26:24.303241', 'confidence': 0.6906844778644253, 'predicted_profit_pct': 8.0, 'rsi_at_buy': 27.121672717769673, 'macd_at_buy': -0.0017989209851005192, 'volume_change_at_buy': 0.4693271316202403, 'total_value': 25.0, 'fee': 0.05, 'net_value': 24.95, 'final_sell_price': 0.01532, 'trade_duration_secs': 291.605834, 'pnl_amount': -0.05, 'pnl_percent': -0.2, 'was_successful': False, 'end_timestamp': '2025-06-25T11:31:15.909075', 'trade_duration_formatted': '0.1h', 'action': 'BUY', 'sell_orders': [{'qty': 1631.8537859007834, 'price': 0.016053828, 'type': 'TAKE_PROFIT'}, {'qty': 1631.8537859007834, 'price': 0.0151364664, 'type': 'STOP_LOSS'}]}
2025-06-25 19:31:16 [INFO] Loaded 3 total trades for analysis
2025-06-25 19:31:16 [INFO] Loaded 3 total trades for analysis
2025-06-25 19:49:12 [INFO] \u2705 Loaded expected features from Z:\money_printer\data\models\random_forest\expected_features.json: ['confidence', 'predicted_profit_pct', 'rsi_at_buy', 'macd_at_buy', 'volume_change_at_buy']
2025-06-25 19:49:12 [INFO] \U0001f4c8 Trade started: BTCUSDT (Daily: 1/50)
2025-06-25 19:49:12 [INFO] \u2705 All models validated for trading
2025-06-25 19:49:12 [INFO] \u2705 Trading state loaded from persistence
2025-06-25 19:49:12 [ERROR] API call failed: Test error
2025-06-25 19:49:18 [ERROR] API call failed: Test error
2025-06-25 19:49:18 [WARNING] \U0001f6ab API rate limited - backing off for 30 seconds
2025-06-25 19:49:21 [ERROR] Null values found in column: symbol
2025-06-25 19:53:05 [INFO] \u2705 Loaded expected features from Z:\money_printer\data\models\random_forest\expected_features.json: ['confidence', 'predicted_profit_pct', 'rsi_at_buy', 'macd_at_buy', 'volume_change_at_buy']
2025-06-25 19:53:05 [INFO] \u2705 Trading state loaded from persistence
2025-06-25 19:53:05 [INFO] \U0001f4c8 Trade started: BTCUSDT (Daily: 1/50)
2025-06-25 19:53:05 [INFO] \u2705 Trading state loaded from persistence
2025-06-25 19:53:05 [INFO] \U0001f50c Connecting to WebSocket: wss://stream.binance.com:9443/ws/btcusdt@ticker/ethusdt@ticker
2025-06-25 19:53:05 [INFO] \u2705 Subscribed to price streams for 2 symbols
2025-06-25 19:53:06 [INFO] Websocket connected
2025-06-25 19:53:06 [INFO] \u2705 WebSocket connected successfully
2025-06-25 19:53:07 [INFO] \U0001f50c WebSocket disconnected
2025-06-25 19:53:07 [INFO] \U0001f50c All WebSocket connections disconnected
2025-06-25 19:53:07 [WARNING] WebSocket closed: None - None
2025-06-25 19:53:07 [INFO] \u2705 All models validated for trading
2025-06-25 19:53:07 [INFO] \u2705 Trading state loaded from persistence
2025-06-25 19:53:07 [ERROR] API call failed: Test error
2025-06-25 19:53:12 [ERROR] API call failed: Test error
2025-06-25 19:53:12 [WARNING] \U0001f6ab API rate limited - backing off for 30 seconds
2025-06-25 19:53:14 [INFO] \u2705 Trading state loaded from persistence
2025-06-25 19:53:14 [INFO] \u2705 Model loaded: data/models/random_forest/trained_model.pkl (version: 20250625_193218)
2025-06-25 19:53:14 [INFO] \U0001f4dd Registered model for validation: random_forest_v1
2025-06-25 19:53:14 [WARNING] Insufficient trades for performance calculation: 3
2025-06-25 19:53:14 [WARNING] Insufficient trades for performance calculation: 3
2025-06-25 19:53:14 [WARNING] Insufficient trades for performance calculation: 3
2025-06-25 19:53:14 [WARNING] \u26a0\ufe0f Model random_forest_v1 invalid: Model drift detected: Cannot calculate performance metrics
2025-06-25 19:53:14 [ERROR] \U0001f6ab Trading disabled due to invalid models
2025-06-25 19:53:14 [ERROR] Null values found in column: symbol
2025-06-25 20:28:16 [INFO] \u2705 Loaded expected features from Z:\money_printer\data\models\random_forest\expected_features.json: ['confidence', 'predicted_profit_pct', 'rsi_at_buy', 'macd_at_buy', 'volume_change_at_buy']
2025-06-25 20:28:16 [INFO] \u2705 Trading state loaded from persistence
2025-06-25 20:28:16 [INFO] \U0001f4c8 Trade started: BTCUSDT (Daily: 1/50)
2025-06-25 20:28:16 [INFO] \u2705 Trading state loaded from persistence
2025-06-25 20:28:16 [INFO] \U0001f50c Connecting to WebSocket: wss://stream.binance.com:9443/ws/btcusdt@ticker/ethusdt@ticker
2025-06-25 20:28:16 [INFO] \u2705 Subscribed to price streams for 2 symbols
2025-06-25 20:28:17 [INFO] Websocket connected
2025-06-25 20:28:17 [INFO] \u2705 WebSocket connected successfully
2025-06-25 20:28:18 [WARNING] WebSocket closed: None - None
2025-06-25 20:28:18 [INFO] \U0001f50c WebSocket disconnected
2025-06-25 20:28:18 [INFO] \U0001f50c All WebSocket connections disconnected
2025-06-25 20:28:18 [INFO] \u2705 All models validated for trading
2025-06-25 20:28:18 [WARNING] Recording result for unregistered model: test_model
2025-06-25 20:28:19 [INFO] \u2705 Model loaded: data/models/random_forest/trained_model.pkl (version: 20250625_193218)
2025-06-25 20:28:19 [INFO] \U0001f4dd Registered model for validation: test_model
2025-06-25 20:28:19 [INFO] \U0001f4ca Recorded prediction: test_model | Pred: 0.800 | Conf: 0.750 | Success: True
2025-06-25 20:28:19 [WARNING] No trade data found for performance calculation
2025-06-25 20:28:19 [INFO] \u2705 Trading state loaded from persistence
2025-06-25 20:28:19 [ERROR] API call failed: Test error
2025-06-25 20:28:24 [ERROR] API call failed: Test error
2025-06-25 20:28:24 [WARNING] \U0001f6ab API rate limited - backing off for 30 seconds
2025-06-25 20:28:25 [INFO] \u2705 Trading state loaded from persistence
2025-06-25 20:28:25 [INFO] \u2705 Model loaded: data/models/random_forest/trained_model.pkl (version: 20250625_193218)
2025-06-25 20:28:25 [INFO] \U0001f4dd Registered model for validation: random_forest_v1
2025-06-25 20:28:25 [WARNING] Insufficient trades for performance calculation: 3
2025-06-25 20:28:25 [WARNING] Insufficient trades for performance calculation: 3
2025-06-25 20:28:25 [WARNING] Insufficient trades for performance calculation: 3
2025-06-25 20:28:25 [WARNING] \u26a0\ufe0f Model random_forest_v1 invalid: Model drift detected: Cannot calculate performance metrics
2025-06-25 20:28:25 [ERROR] \U0001f6ab Trading disabled due to invalid models
2025-06-25 20:28:25 [ERROR] Null values found in column: symbol
2025-06-25 20:29:03 [INFO] \u2705 Loaded expected features from Z:\money_printer\data\models\random_forest\expected_features.json: ['confidence', 'predicted_profit_pct', 'rsi_at_buy', 'macd_at_buy', 'volume_change_at_buy']
2025-06-25 20:29:03 [INFO] \u2705 Trading state loaded from persistence
2025-06-25 20:29:03 [INFO] \U0001f4c8 Trade started: BTCUSDT (Daily: 1/50)
2025-06-25 20:29:03 [INFO] \u2705 Trading state loaded from persistence
2025-06-25 20:29:03 [INFO] \U0001f50c Connecting to WebSocket: wss://stream.binance.com:9443/ws/btcusdt@ticker/ethusdt@ticker
2025-06-25 20:29:03 [INFO] \u2705 Subscribed to price streams for 2 symbols
2025-06-25 20:29:04 [INFO] Websocket connected
2025-06-25 20:29:04 [INFO] \u2705 WebSocket connected successfully
2025-06-25 20:29:05 [WARNING] WebSocket closed: None - None
2025-06-25 20:29:05 [INFO] \U0001f50c WebSocket disconnected
2025-06-25 20:29:05 [INFO] \U0001f50c All WebSocket connections disconnected
2025-06-25 20:29:05 [INFO] \u2705 All models validated for trading
2025-06-25 20:29:05 [WARNING] Recording result for unregistered model: test_model
2025-06-25 20:29:06 [INFO] \u2705 Model loaded: data/models/random_forest/trained_model.pkl (version: 20250625_193218)
2025-06-25 20:29:06 [INFO] \U0001f4dd Registered model for validation: test_model
2025-06-25 20:29:06 [INFO] \U0001f4ca Recorded prediction: test_model | Pred: 0.800 | Conf: 0.750 | Success: True
2025-06-25 20:29:06 [WARNING] No trade data found for performance calculation
2025-06-25 20:29:06 [INFO] \u2705 Trading state loaded from persistence
2025-06-25 20:29:06 [ERROR] API call failed: Test error
2025-06-25 20:29:11 [ERROR] API call failed: Test error
2025-06-25 20:29:11 [WARNING] \U0001f6ab API rate limited - backing off for 30 seconds
2025-06-25 20:29:12 [INFO] \u2705 Trading state loaded from persistence
2025-06-25 20:29:12 [INFO] \u2705 Model loaded: data/models/random_forest/trained_model.pkl (version: 20250625_193218)
2025-06-25 20:29:12 [INFO] \U0001f4dd Registered model for validation: random_forest_v1
2025-06-25 20:29:12 [WARNING] Insufficient trades for performance calculation: 3
2025-06-25 20:29:12 [WARNING] Insufficient trades for performance calculation: 3
2025-06-25 20:29:12 [WARNING] Insufficient trades for performance calculation: 3
2025-06-25 20:29:12 [WARNING] \u26a0\ufe0f Model random_forest_v1 invalid: Model drift detected: Cannot calculate performance metrics
2025-06-25 20:29:12 [ERROR] \U0001f6ab Trading disabled due to invalid models
2025-06-25 20:29:12 [ERROR] Null values found in column: symbol
2025-06-25 20:29:59 [INFO] \u2705 Loaded expected features from Z:\money_printer\data\models\random_forest\expected_features.json: ['confidence', 'predicted_profit_pct', 'rsi_at_buy', 'macd_at_buy', 'volume_change_at_buy']
2025-06-25 20:29:59 [INFO] \u2705 Trading state loaded from persistence
2025-06-25 20:29:59 [INFO] \U0001f4c8 Trade started: BTCUSDT (Daily: 51/50)
2025-06-25 20:29:59 [INFO] \u2705 Trading state loaded from persistence
2025-06-25 20:29:59 [INFO] \U0001f50c Connecting to WebSocket: wss://stream.binance.com:9443/ws/btcusdt@ticker/ethusdt@ticker
2025-06-25 20:29:59 [INFO] \u2705 Subscribed to price streams for 2 symbols
2025-06-25 20:29:59 [INFO] Websocket connected
2025-06-25 20:29:59 [INFO] \u2705 WebSocket connected successfully
2025-06-25 20:30:01 [WARNING] WebSocket closed: None - None
2025-06-25 20:30:01 [INFO] \U0001f50c WebSocket disconnected
2025-06-25 20:30:01 [INFO] \U0001f50c All WebSocket connections disconnected
2025-06-25 20:30:01 [INFO] \u2705 All models validated for trading
2025-06-25 20:30:01 [WARNING] Recording result for unregistered model: test_model
2025-06-25 20:30:01 [INFO] \u2705 Model loaded: data/models/random_forest/trained_model.pkl (version: 20250625_193218)
2025-06-25 20:30:01 [INFO] \U0001f4dd Registered model for validation: test_model
2025-06-25 20:30:01 [INFO] \U0001f4ca Recorded prediction: test_model | Pred: 0.800 | Conf: 0.750 | Success: True
2025-06-25 20:30:01 [WARNING] No trade data found for performance calculation
2025-06-25 20:30:01 [INFO] \u2705 Trading state loaded from persistence
2025-06-25 20:30:01 [ERROR] API call failed: Test error
2025-06-25 20:30:06 [ERROR] API call failed: Test error
2025-06-25 20:30:06 [WARNING] \U0001f6ab API rate limited - backing off for 30 seconds
2025-06-25 20:30:08 [INFO] \u2705 Trading state loaded from persistence
2025-06-25 20:30:08 [INFO] \u2705 Model loaded: data/models/random_forest/trained_model.pkl (version: 20250625_193218)
2025-06-25 20:30:08 [INFO] \U0001f4dd Registered model for validation: random_forest_v1
2025-06-25 20:30:08 [WARNING] Insufficient trades for performance calculation: 3
2025-06-25 20:30:08 [WARNING] Insufficient trades for performance calculation: 3
2025-06-25 20:30:08 [WARNING] Insufficient trades for performance calculation: 3
2025-06-25 20:30:08 [WARNING] \u26a0\ufe0f Model random_forest_v1 invalid: Model drift detected: Cannot calculate performance metrics
2025-06-25 20:30:08 [ERROR] \U0001f6ab Trading disabled due to invalid models
2025-06-25 20:30:08 [ERROR] Null values found in column: symbol
2025-06-25 20:31:48 [INFO] \u2705 Loaded expected features from Z:\money_printer\data\models\random_forest\expected_features.json: ['confidence', 'predicted_profit_pct', 'rsi_at_buy', 'macd_at_buy', 'volume_change_at_buy']
2025-06-25 20:31:48 [INFO] \u2705 Trading state loaded from persistence
2025-06-25 20:31:48 [INFO] \U0001f4c8 Trade started: BTCUSDT (Daily: 1/50)
2025-06-25 20:31:48 [INFO] \u2705 Trading state loaded from persistence
2025-06-25 20:31:48 [INFO] \U0001f50c Connecting to WebSocket: wss://stream.binance.com:9443/ws/btcusdt@ticker/ethusdt@ticker
2025-06-25 20:31:48 [INFO] \u2705 Subscribed to price streams for 2 symbols
2025-06-25 20:31:49 [INFO] Websocket connected
2025-06-25 20:31:49 [INFO] \u2705 WebSocket connected successfully
2025-06-25 20:31:51 [WARNING] WebSocket closed: None - None
2025-06-25 20:31:51 [INFO] \U0001f50c WebSocket disconnected
2025-06-25 20:31:51 [INFO] \U0001f50c All WebSocket connections disconnected
2025-06-25 20:31:51 [INFO] \u2705 All models validated for trading
2025-06-25 20:31:51 [WARNING] Recording result for unregistered model: test_model
2025-06-25 20:31:51 [INFO] \u2705 Model loaded: data/models/random_forest/trained_model.pkl (version: 20250625_193218)
2025-06-25 20:31:51 [INFO] \U0001f4dd Registered model for validation: test_model
2025-06-25 20:31:51 [INFO] \U0001f4ca Recorded prediction: test_model | Pred: 0.800 | Conf: 0.750 | Success: True
2025-06-25 20:31:51 [WARNING] No trade data found for performance calculation
2025-06-25 20:31:51 [INFO] \u2705 Trading state loaded from persistence
2025-06-25 20:31:51 [ERROR] API call failed: Test error
2025-06-25 20:31:56 [ERROR] API call failed: Test error
2025-06-25 20:31:56 [WARNING] \U0001f6ab API rate limited - backing off for 30 seconds
2025-06-25 20:31:58 [INFO] \u2705 Trading state loaded from persistence
2025-06-25 20:31:58 [INFO] \u2705 Model loaded: data/models/random_forest/trained_model.pkl (version: 20250625_193218)
2025-06-25 20:31:58 [INFO] \U0001f4dd Registered model for validation: random_forest_v1
2025-06-25 20:31:58 [WARNING] Insufficient trades for performance calculation: 3
2025-06-25 20:31:58 [WARNING] Insufficient trades for performance calculation: 3
2025-06-25 20:31:58 [WARNING] Insufficient trades for performance calculation: 3
2025-06-25 20:31:58 [WARNING] \u26a0\ufe0f Model random_forest_v1 invalid: Model drift detected: Cannot calculate performance metrics
2025-06-25 20:31:58 [ERROR] \U0001f6ab Trading disabled due to invalid models
2025-06-25 20:31:58 [ERROR] Null values found in column: symbol
2025-06-25 20:35:58 [INFO] \u2705 Loaded expected features from Z:\money_printer\data\models\random_forest\expected_features.json: ['confidence', 'predicted_profit_pct', 'rsi_at_buy', 'macd_at_buy', 'volume_change_at_buy']
2025-06-25 21:12:52 [INFO] \u2705 Loaded expected features from Z:\money_printer\data\models\random_forest\expected_features.json: ['confidence', 'predicted_profit_pct', 'rsi_at_buy', 'macd_at_buy', 'volume_change_at_buy']
2025-06-25 21:12:52 [WARNING] Could not load trading state: Expecting value: line 1 column 1 (char 0)
2025-06-25 21:12:52 [WARNING] \U0001f6ab API rate limited - backing off for 10 seconds
2025-06-25 21:12:52 [INFO] \u2705 All models validated for trading
2025-06-25 21:12:52 [ERROR] API call failed: Test error
2025-06-25 21:12:59 [ERROR] API call failed: Test error
2025-06-25 21:14:17 [INFO] \u2705 Loaded expected features from Z:\money_printer\data\models\random_forest\expected_features.json: ['confidence', 'predicted_profit_pct', 'rsi_at_buy', 'macd_at_buy', 'volume_change_at_buy']
2025-06-25 21:14:17 [INFO] \u2705 Trading state loaded from persistence
2025-06-25 21:14:17 [WARNING] \U0001f6ab API rate limited - backing off for 10 seconds
2025-06-25 21:14:17 [INFO] \u2705 All models validated for trading
2025-06-25 21:14:17 [ERROR] API call failed: Test error
2025-06-25 21:14:23 [ERROR] API call failed: Test error
2025-06-25 21:54:17 [INFO] \u2705 Loaded expected features from Z:\money_printer\data\models\random_forest\expected_features.json: ['confidence', 'predicted_profit_pct', 'rsi_at_buy', 'macd_at_buy', 'volume_change_at_buy']
2025-06-25 21:54:17 [WARNING] PyNaCl is not installed, voice will NOT be supported
2025-06-25 21:57:55 [INFO] \u2705 Loaded expected features from Z:\money_printer\data\models\random_forest\expected_features.json: ['confidence', 'predicted_profit_pct', 'rsi_at_buy', 'macd_at_buy', 'volume_change_at_buy']
2025-06-25 21:57:55 [WARNING] PyNaCl is not installed, voice will NOT be supported
2025-06-25 21:57:55 [WARNING] Privileged message content intent is missing, commands may not work as expected.
2025-06-25 21:57:55 [INFO] logging in using static token
2025-06-25 21:57:57 [INFO] Shard ID None has connected to Gateway (Session ID: 169ff92d54eabdd8d12ec2fcfe99b1b6).
2025-06-25 22:08:03 [INFO] \u2705 Loaded expected features from Z:\money_printer\data\models\random_forest\expected_features.json: ['confidence', 'predicted_profit_pct', 'rsi_at_buy', 'macd_at_buy', 'volume_change_at_buy']
2025-06-25 22:08:03 [WARNING] PyNaCl is not installed, voice will NOT be supported
2025-06-25 22:08:03 [WARNING] Privileged message content intent is missing, commands may not work as expected.
2025-06-25 22:08:03 [INFO] logging in using static token
2025-06-25 22:08:36 [INFO] \u2705 Loaded expected features from Z:\money_printer\data\models\random_forest\expected_features.json: ['confidence', 'predicted_profit_pct', 'rsi_at_buy', 'macd_at_buy', 'volume_change_at_buy']
2025-06-25 22:08:36 [INFO] \u2705 Trading state loaded from persistence
2025-06-25 22:08:36 [INFO] \U0001f4c8 Trade started: BTCUSDT (Daily: 1/50)
2025-06-25 22:08:36 [INFO] \u2705 Trading state loaded from persistence
2025-06-25 22:08:36 [INFO] \U0001f50c Connecting to WebSocket: wss://stream.binance.com:9443/ws/btcusdt@ticker/ethusdt@ticker
2025-06-25 22:08:36 [INFO] \u2705 Subscribed to price streams for 2 symbols
2025-06-25 22:08:37 [INFO] Websocket connected
2025-06-25 22:08:37 [INFO] \u2705 WebSocket connected successfully
2025-06-25 22:08:38 [WARNING] WebSocket closed: None - None
2025-06-25 22:08:38 [INFO] \U0001f50c WebSocket disconnected
2025-06-25 22:08:38 [INFO] \U0001f50c All WebSocket connections disconnected
2025-06-25 22:08:38 [INFO] \u2705 All models validated for trading
2025-06-25 22:08:38 [WARNING] Recording result for unregistered model: test_model
2025-06-25 22:08:38 [INFO] \u2705 Model loaded: data/models/random_forest/trained_model.pkl (version: 20250625_193218)
2025-06-25 22:08:38 [INFO] \U0001f4dd Registered model for validation: test_model
2025-06-25 22:08:38 [INFO] \U0001f4ca Recorded prediction: test_model | Pred: 0.800 | Conf: 0.750 | Success: True
2025-06-25 22:08:38 [WARNING] No trade data found for performance calculation
2025-06-25 22:08:38 [INFO] \u2705 Trading state loaded from persistence
2025-06-25 22:08:38 [ERROR] API call failed: Test error
2025-06-25 22:08:43 [ERROR] API call failed: Test error
2025-06-25 22:08:43 [WARNING] \U0001f6ab API rate limited - backing off for 10 seconds
2025-06-25 22:08:46 [INFO] \u2705 Trading state loaded from persistence
2025-06-25 22:08:46 [INFO] \u2705 Model loaded: data/models/random_forest/trained_model.pkl (version: 20250625_193218)
2025-06-25 22:08:46 [INFO] \U0001f4dd Registered model for validation: random_forest_v1
2025-06-25 22:08:46 [WARNING] Insufficient trades for performance calculation: 3
2025-06-25 22:08:46 [WARNING] Insufficient trades for performance calculation: 3
2025-06-25 22:08:46 [WARNING] Insufficient trades for performance calculation: 3
2025-06-25 22:08:46 [WARNING] \u26a0\ufe0f Model random_forest_v1 invalid: Model drift detected: Cannot calculate performance metrics
2025-06-25 22:08:46 [ERROR] \U0001f6ab Trading disabled due to invalid models
2025-06-25 22:08:46 [ERROR] Null values found in column: symbol
2025-06-25 22:11:35 [INFO] \u2705 Loaded expected features from Z:\money_printer\data\models\random_forest\expected_features.json: ['confidence', 'predicted_profit_pct', 'rsi_at_buy', 'macd_at_buy', 'volume_change_at_buy']
2025-06-25 22:11:35 [INFO] \u2705 Trading state loaded from persistence
2025-06-25 22:11:35 [INFO] \U0001f4c8 Trade started: BTCUSDT (Daily: 1/50)
2025-06-25 22:11:35 [INFO] \u2705 Trading state loaded from persistence
2025-06-25 22:11:35 [INFO] \U0001f50c Connecting to WebSocket: wss://stream.binance.com:9443/ws/btcusdt@ticker/ethusdt@ticker
2025-06-25 22:11:35 [INFO] \u2705 Subscribed to price streams for 2 symbols
2025-06-25 22:11:35 [INFO] Websocket connected
2025-06-25 22:11:35 [INFO] \u2705 WebSocket connected successfully
2025-06-25 22:11:37 [WARNING] WebSocket closed: None - None
2025-06-25 22:11:37 [INFO] \U0001f50c WebSocket disconnected
2025-06-25 22:11:37 [INFO] \U0001f50c All WebSocket connections disconnected
2025-06-25 22:11:37 [INFO] \u2705 All models validated for trading
2025-06-25 22:11:37 [WARNING] Recording result for unregistered model: test_model
2025-06-25 22:11:37 [INFO] \u2705 Model loaded: data/models/random_forest/trained_model.pkl (version: 20250625_193218)
2025-06-25 22:11:37 [INFO] \U0001f4dd Registered model for validation: test_model
2025-06-25 22:11:37 [INFO] \U0001f4ca Recorded prediction: test_model | Pred: 0.800 | Conf: 0.750 | Success: True
2025-06-25 22:11:37 [WARNING] No trade data found for performance calculation
2025-06-25 22:11:37 [INFO] \u2705 Trading state loaded from persistence
2025-06-25 22:11:37 [ERROR] API call failed: Test error
2025-06-25 22:11:44 [ERROR] API call failed: Test error
2025-06-25 22:11:44 [WARNING] \U0001f6ab API rate limited - backing off for 10 seconds
2025-06-25 22:11:46 [INFO] \u2705 Trading state loaded from persistence
2025-06-25 22:11:46 [INFO] \u2705 Model loaded: data/models/random_forest/trained_model.pkl (version: 20250625_193218)
2025-06-25 22:11:46 [INFO] \U0001f4dd Registered model for validation: random_forest_v1
2025-06-25 22:11:46 [WARNING] Insufficient trades for performance calculation: 3
2025-06-25 22:11:46 [WARNING] Insufficient trades for performance calculation: 3
2025-06-25 22:11:46 [WARNING] Insufficient trades for performance calculation: 3
2025-06-25 22:11:46 [WARNING] \u26a0\ufe0f Model random_forest_v1 invalid: Model drift detected: Cannot calculate performance metrics
2025-06-25 22:11:46 [ERROR] \U0001f6ab Trading disabled due to invalid models
2025-06-25 22:11:46 [ERROR] Null values found in column: symbol
2025-06-25 22:14:10 [INFO] \u2705 Loaded expected features from Z:\money_printer\data\models\random_forest\expected_features.json: ['confidence', 'predicted_profit_pct', 'rsi_at_buy', 'macd_at_buy', 'volume_change_at_buy']
2025-06-25 22:14:10 [INFO] \u2705 Trading state loaded from persistence
2025-06-25 22:14:10 [INFO] \U0001f4c8 Trade started: BTCUSDT (Daily: 1/50)
2025-06-25 22:14:10 [INFO] \u2705 Trading state loaded from persistence
2025-06-25 22:14:10 [INFO] \U0001f50c Connecting to WebSocket: wss://stream.binance.com:9443/ws/btcusdt@ticker/ethusdt@ticker
2025-06-25 22:14:10 [INFO] \u2705 Subscribed to price streams for 2 symbols
2025-06-25 22:14:10 [INFO] Websocket connected
2025-06-25 22:14:10 [INFO] \u2705 WebSocket connected successfully
2025-06-25 22:14:12 [WARNING] WebSocket closed: None - None
2025-06-25 22:14:12 [INFO] \U0001f50c WebSocket disconnected
2025-06-25 22:14:12 [INFO] \U0001f50c All WebSocket connections disconnected
2025-06-25 22:14:12 [INFO] \u2705 All models validated for trading
2025-06-25 22:14:12 [WARNING] Recording result for unregistered model: test_model
2025-06-25 22:14:12 [INFO] \u2705 Model loaded: data/models/random_forest/trained_model.pkl (version: 20250625_193218)
2025-06-25 22:14:12 [INFO] \U0001f4dd Registered model for validation: test_model
2025-06-25 22:14:12 [INFO] \U0001f4ca Recorded prediction: test_model | Pred: 0.800 | Conf: 0.750 | Success: True
2025-06-25 22:14:12 [WARNING] No trade data found for performance calculation
2025-06-25 22:14:12 [INFO] \u2705 Trading state loaded from persistence
2025-06-25 22:14:12 [ERROR] API call failed: Test error
2025-06-25 22:14:18 [ERROR] API call failed: Test error
2025-06-25 22:14:18 [WARNING] \U0001f6ab API rate limited - backing off for 10 seconds
2025-06-25 22:14:20 [INFO] \u2705 Trading state loaded from persistence
2025-06-25 22:14:20 [INFO] \u2705 Model loaded: data/models/random_forest/trained_model.pkl (version: 20250625_193218)
2025-06-25 22:14:20 [INFO] \U0001f4dd Registered model for validation: random_forest_v1
2025-06-25 22:14:20 [WARNING] Insufficient trades for performance calculation: 3
2025-06-25 22:14:20 [WARNING] Insufficient trades for performance calculation: 3
2025-06-25 22:14:20 [WARNING] Insufficient trades for performance calculation: 3
2025-06-25 22:14:20 [WARNING] \u26a0\ufe0f Model random_forest_v1 invalid: Model drift detected: Cannot calculate performance metrics
2025-06-25 22:14:20 [ERROR] \U0001f6ab Trading disabled due to invalid models
2025-06-25 22:14:20 [ERROR] Null values found in column: symbol
2025-06-25 22:15:26 [INFO] \u2705 Loaded expected features from Z:\money_printer\data\models\random_forest\expected_features.json: ['confidence', 'predicted_profit_pct', 'rsi_at_buy', 'macd_at_buy', 'volume_change_at_buy']
2025-06-25 22:15:26 [WARNING] PyNaCl is not installed, voice will NOT be supported
2025-06-25 22:15:26 [WARNING] Privileged message content intent is missing, commands may not work as expected.
2025-06-25 22:15:26 [INFO] logging in using static token
2025-06-25 22:15:28 [INFO] Shard ID None has connected to Gateway (Session ID: b97b69e3c6ff082d414d2de36ea5377e).
2025-06-25 22:20:32 [INFO] \u2705 Loaded configuration from .env
2025-06-25 22:26:15 [INFO] \u2705 Loaded expected features from Z:\money_printer\data\models\random_forest\expected_features.json: ['confidence', 'predicted_profit_pct', 'rsi_at_buy', 'macd_at_buy', 'volume_change_at_buy']
